#
# There is insufficient memory for the Java Runtime Environment to continue.
# Native memory allocation (malloc) failed to allocate 1048576 bytes for AllocateHeap
# Possible reasons:
#   The system is out of physical RAM or swap space
#   The process is running with CompressedOops enabled, and the Java Heap may be blocking the growth of the native heap
# Possible solutions:
#   Reduce memory load on the system
#   Increase physical memory or swap space
#   Check if swap backing store is full
#   Decrease Java heap size (-Xmx/-Xms)
#   Decrease number of Java threads
#   Decrease Java thread stack sizes (-Xss)
#   Set larger code cache with -XX:ReservedCodeCacheSize=
# This output file may be truncated or incomplete.
#
#  Out of Memory Error (src/hotspot/share/memory/allocation.cpp:46), pid=20200, tid=13476
#
# JRE version:  (11.0.15+10) (build )
# Java VM: OpenJDK 64-Bit Server VM (11.0.15+10-b2043.56, mixed mode, sharing, tiered, compressed oops, g1 gc, windows-amd64)
# No core dump will be written. Minidumps are not enabled by default on client versions of Windows
#

---------------  S U M M A R Y ------------

Command Line: git4idea.http.GitAskPassApp Username for 'https://github.com': 

Host: Intel(R) Core(TM) i9-9900K CPU @ 3.60GHz, 16 cores, 31G,  Windows 10 , 64 bit Build 19041 (10.0.19041.1806)
Time: Thu Jul 28 23:12:46 2022 Eastern Daylight Time elapsed time: 0.014126 seconds (0d 0h 0m 0s)

---------------  T H R E A D  ---------------

Current thread (0x0000027761f29000):  JavaThread "Unknown thread" [_thread_in_vm, id=13476, stack(0x000000e073300000,0x000000e073400000)]

Stack: [0x000000e073300000,0x000000e073400000]
Native frames: (J=compiled Java code, j=interpreted, Vv=VM code, C=native code)
V  [jvm.dll+0x61612a]
V  [jvm.dll+0x79c450]
V  [jvm.dll+0x79da6d]
V  [jvm.dll+0x79e143]
V  [jvm.dll+0x24cc18]
V  [jvm.dll+0xb8a64]
V  [jvm.dll+0x2eda97]
V  [jvm.dll+0x2e6a7a]
V  [jvm.dll+0x7794f7]
V  [jvm.dll+0x77acec]
V  [jvm.dll+0x368a59]
V  [jvm.dll+0x75ce8e]
V  [jvm.dll+0x3d6a33]
V  [jvm.dll+0x3d9001]
C  [jli.dll+0x536b]
C  [ucrtbase.dll+0x21bb2]
C  [KERNEL32.DLL+0x17034]
C  [ntdll.dll+0x52651]


---------------  P R O C E S S  ---------------

Threads class SMR info:
_java_thread_list=0x000002775fdd5d30, length=0, elements={
}

Java Threads: ( => current thread )

Other Threads:
  0x0000027761f42800 GCTaskThread "GC Thread#0" [stack: 0x000000e073400000,0x000000e073500000] [id=14140]

[error occurred during error reporting (printing all threads), id 0xc0000005, EXCEPTION_ACCESS_VIOLATION (0xc0000005) at pc=0x00007ff80ff92df0]

VM state:not at safepoint (not fully initialized)

VM Mutex/Monitor currently owned by a thread:  ([mutex/lock_event])
[0x0000027761f25280] Heap_lock - owner thread: 0x0000027761f29000

Heap address: 0x0000000602600000, size: 8154 MB, Compressed Oops mode: Non-zero based: 0x0000000602600000
Narrow klass base: 0x0000000000000000, Narrow klass shift: 0

GC Heap History (0 events):
No events

Deoptimization events (0 events):
No events

Classes redefined (0 events):
No events

Internal exceptions (0 events):
No events

Events (1 events):
Event: 0.011 Loaded shared library C:\Program Files\JetBrains\PyCharm Community Edition 2022.1.3\jbr\bin\zip.dll


Dynamic libraries:
0x00007ff61e3b0000 - 0x00007ff61e3ba000 	C:\Program Files\JetBrains\PyCharm Community Edition 2022.1.3\jbr\bin\java.exe
0x00007ff892150000 - 0x00007ff892348000 	C:\WINDOWS\SYSTEM32\ntdll.dll
0x00007ff8919e0000 - 0x00007ff891a9d000 	C:\WINDOWS\System32\KERNEL32.DLL
0x00007ff88fe10000 - 0x00007ff8900de000 	C:\WINDOWS\System32\KERNELBASE.dll
0x00007ff88f8c0000 - 0x00007ff88f9c0000 	C:\WINDOWS\System32\ucrtbase.dll
0x00007ff86e1d0000 - 0x00007ff86e1e9000 	C:\Program Files\JetBrains\PyCharm Community Edition 2022.1.3\jbr\bin\jli.dll
0x00007ff86ae30000 - 0x00007ff86ae46000 	C:\Program Files\JetBrains\PyCharm Community Edition 2022.1.3\jbr\bin\VCRUNTIME140.dll
0x00007ff891830000 - 0x00007ff8919d0000 	C:\WINDOWS\System32\USER32.dll
0x00007ff8900e0000 - 0x00007ff890102000 	C:\WINDOWS\System32\win32u.dll
0x00007ff87be10000 - 0x00007ff87c0aa000 	C:\WINDOWS\WinSxS\amd64_microsoft.windows.common-controls_6595b64144ccf1df_6.0.19041.1110_none_60b5254171f9507e\COMCTL32.dll
0x00007ff8907f0000 - 0x00007ff89081a000 	C:\WINDOWS\System32\GDI32.dll
0x00007ff88fd00000 - 0x00007ff88fe0b000 	C:\WINDOWS\System32\gdi32full.dll
0x00007ff8901b0000 - 0x00007ff89024e000 	C:\WINDOWS\System32\msvcrt.dll
0x00007ff890110000 - 0x00007ff8901ad000 	C:\WINDOWS\System32\msvcp_win.dll
0x00007ff890820000 - 0x00007ff890850000 	C:\WINDOWS\System32\IMM32.DLL
0x00007ff853240000 - 0x00007ff8532ea000 	C:\Program Files\JetBrains\PyCharm Community Edition 2022.1.3\jbr\bin\msvcp140.dll
0x00007ff80fca0000 - 0x00007ff81081b000 	C:\Program Files\JetBrains\PyCharm Community Edition 2022.1.3\jbr\bin\server\jvm.dll
0x00007ff890420000 - 0x00007ff8904ce000 	C:\WINDOWS\System32\ADVAPI32.dll
0x00007ff890680000 - 0x00007ff89071c000 	C:\WINDOWS\System32\sechost.dll
0x00007ff890550000 - 0x00007ff890675000 	C:\WINDOWS\System32\RPCRT4.dll
0x00007ff891c70000 - 0x00007ff891c78000 	C:\WINDOWS\System32\PSAPI.DLL
0x00007ff879740000 - 0x00007ff879749000 	C:\WINDOWS\SYSTEM32\WSOCK32.dll
0x00007ff8860f0000 - 0x00007ff886117000 	C:\WINDOWS\SYSTEM32\WINMM.dll
0x00007ff891550000 - 0x00007ff8915bb000 	C:\WINDOWS\System32\WS2_32.dll
0x00007ff888720000 - 0x00007ff88872a000 	C:\WINDOWS\SYSTEM32\VERSION.dll
0x00007ff88d790000 - 0x00007ff88d7a2000 	C:\WINDOWS\SYSTEM32\kernel.appcore.dll
0x00007ff8747e0000 - 0x00007ff8747f1000 	C:\Program Files\JetBrains\PyCharm Community Edition 2022.1.3\jbr\bin\verify.dll
0x00007ff888cc0000 - 0x00007ff888ea4000 	C:\WINDOWS\SYSTEM32\DBGHELP.DLL
0x00007ff8793b0000 - 0x00007ff8793dc000 	C:\WINDOWS\SYSTEM32\dbgcore.DLL
0x00007ff88fc70000 - 0x00007ff88fcf2000 	C:\WINDOWS\System32\bcryptPrimitives.dll
0x00007ff86fdb0000 - 0x00007ff86fdd9000 	C:\Program Files\JetBrains\PyCharm Community Edition 2022.1.3\jbr\bin\java.dll
0x00007ff88c4a0000 - 0x00007ff88c4ab000 	C:\Program Files\JetBrains\PyCharm Community Edition 2022.1.3\jbr\bin\jimage.dll
0x00007ff8747c0000 - 0x00007ff8747d9000 	C:\Program Files\JetBrains\PyCharm Community Edition 2022.1.3\jbr\bin\zip.dll

dbghelp: loaded successfully - version: 4.0.5 - missing functions: none
symbol engine: initialized successfully - sym options: 0x614 - pdb path: .;C:\Program Files\JetBrains\PyCharm Community Edition 2022.1.3\jbr\bin;C:\WINDOWS\SYSTEM32;C:\WINDOWS\WinSxS\amd64_microsoft.windows.common-controls_6595b64144ccf1df_6.0.19041.1110_none_60b5254171f9507e;C:\Program Files\JetBrains\PyCharm Community Edition 2022.1.3\jbr\bin\server

VM Arguments:
java_command: git4idea.http.GitAskPassApp Username for 'https://github.com': 
java_class_path (initial): C:/Program Files/JetBrains/PyCharm Community Edition 2022.1.3/plugins/git4idea/lib/git4idea-rt.jar;C:/Program Files/JetBrains/PyCharm Community Edition 2022.1.3/lib/externalProcess-rt.jar;C:/Program Files/JetBrains/PyCharm Community Edition 2022.1.3/lib/app.jar;C:/Program Files/JetBrains/PyCharm Community Edition 2022.1.3/lib/3rd-party-rt.jar
Launcher Type: SUN_STANDARD

[Global flags]
     intx CICompilerCount                          = 12                                        {product} {ergonomic}
     uint ConcGCThreads                            = 3                                         {product} {ergonomic}
     uint G1ConcRefinementThreads                  = 13                                        {product} {ergonomic}
   size_t G1HeapRegionSize                         = 2097152                                   {product} {ergonomic}
    uintx GCDrainStackTargetSize                   = 64                                        {product} {ergonomic}
   size_t InitialHeapSize                          = 534773760                                 {product} {ergonomic}
   size_t MarkStackSize                            = 4194304                                   {product} {ergonomic}
   size_t MaxHeapSize                              = 8550088704                                {product} {ergonomic}
   size_t MinHeapDeltaBytes                        = 2097152                                   {product} {ergonomic}
    uintx NonNMethodCodeHeapSize                   = 7594288                                {pd product} {ergonomic}
    uintx NonProfiledCodeHeapSize                  = 122031976                              {pd product} {ergonomic}
    uintx ProfiledCodeHeapSize                     = 122031976                              {pd product} {ergonomic}
    uintx ReservedCodeCacheSize                    = 251658240                              {pd product} {ergonomic}
     bool SegmentedCodeCache                       = true                                      {product} {ergonomic}
     bool UseCompressedClassPointers               = true                                 {lp64_product} {ergonomic}
     bool UseCompressedOops                        = true                                 {lp64_product} {ergonomic}
     bool UseG1GC                                  = true                                      {product} {ergonomic}
     bool UseLargePagesIndividualAllocation        = false                                  {pd product} {ergonomic}

Logging:
Log output configuration:
 #0: stdout all=warning uptime,level,tags
 #1: stderr all=off uptime,level,tags

Environment Variables:
PATH=C:\Program Files\Git\mingw64\libexec\git-core;C:\Program Files\Git\mingw64\libexec\git-core;C:\Program Files\Git\mingw64\bin;C:\Program Files\Git\usr\bin;C:\SPB_Data\bin;C:\Users\Recyclops\PycharmProjects\dualSlopePlots\venvHome\Scripts;C:\Program Files (x86)\NVIDIA Corporation\PhysX\Common;C:\Program Files (x86)\Python37-32\Scripts;C:\Program Files (x86)\Python37-32;C:\WINDOWS\system32;C:\WINDOWS;C:\WINDOWS\System32\Wbem;C:\WINDOWS\System32\WindowsPowerShell\v1.0;C:\WINDOWS\System32\OpenSSH;C:\Program Files\Intel\WiFi\bin;C:\Program Files\Common Files\Intel\WirelessCommon;C:\Program Files\MATLAB\R2019b\runtime\win64;C:\Program Files\MATLAB\R2019b\bin;C:\Program Files\PuTTY;C:\Program Files\mingw-w64\x86_64-8.1.0-posix-seh-rt_v6-rev0\mingw64\bin;C:\Program Files\Git\cmd;C:\Program Files (x86)\Pulse Secure\VC142.CRT\X64;C:\Program Files (x86)\Pulse Secure\VC142.CRT\X86;C:\Users\Recyclops\AppData\Local\Programs\Python\Python39\Scripts;C:\Users\Recyclops\AppData\Local\Programs\Python\Python39;C:\Users\Recyclops\AppData\Local\Programs\Python\Python38\Scripts;C:\Users\Recyclops\AppData\Local\Programs\Python\Python38;C:\Users\Recyclops\AppData\Local\Microsoft\WindowsApps;C:\Program Files\Intel\WiFi\bin;C:\Program Files\Common Files\Intel\WirelessCommon;C:\Program Files\Git\cmd;C:\Program Files\JetBrains\PyCharm Community Edition 2022.1.3\bin;C:\Users\Recyclops\AppData\Local\GitHubDesktop\bin;C:\Users\Recyclops\AppData\Local\Programs\Microsoft VS Code\bin;C:\intelFPGA_lite\21.1\questa_fse\win64
USERNAME=Recyclops
DISPLAY=:0.0
LC_ALL=en_US.UTF-8
OS=Windows_NT
PROCESSOR_IDENTIFIER=Intel64 Family 6 Model 158 Stepping 13, GenuineIntel



---------------  S Y S T E M  ---------------

OS: Windows 10 , 64 bit Build 19041 (10.0.19041.1806)
OS uptime: 1 days 14:33 hours

CPU:total 16 (initial active 16) (8 cores per cpu, 2 threads per core) family 6 model 158 stepping 13 microcode 0xb4, cmov, cx8, fxsr, mmx, sse, sse2, sse3, ssse3, sse4.1, sse4.2, popcnt, avx, avx2, aes, clmul, erms, rtm, 3dnowpref, lzcnt, ht, tsc, tscinvbit, bmi1, bmi2, adx, fma

Memory: 4k page, system-wide physical 32615M (172M free)
TotalPageFile size 130919M (AvailPageFile size 4M)
current process WorkingSet (physical memory assigned to process): 10M, peak: 10M
current process commit charge ("private bytes"): 59M, peak: 60M

vm_info: OpenJDK 64-Bit Server VM (11.0.15+10-b2043.56) for windows-amd64 JRE (11.0.15+10-b2043.56), built on May 16 2022 02:28:12 by "" with MS VC++ 14.0 (VS2015)

END.
